# JRE version: Java(TM) SE Runtime Environment (8.0_77-b03) (build 1.8.0_77-b03)
# Java VM: Java HotSpot(TM) 64-Bit Server VM (25.77-b03 mixed mode linux-amd64 compressed oops)
Heap:
 PSYoungGen      total 625152K, used 99173K [0x00000000d6c00000, 0x0000000100000000, 0x0000000100000000)
  eden space 605184K, 16% used [0x00000000d6c00000,0x00000000dccd96b8,0x00000000fbb00000)
  from space 19968K, 0% used [0x00000000fec80000,0x00000000fec80000,0x0000000100000000)
  to   space 35328K, 0% used [0x00000000fbb00000,0x00000000fbb00000,0x00000000fdd80000)
 ParOldGen       total 124416K, used 62214K [0x0000000084400000, 0x000000008bd80000, 0x00000000d6c00000)
  object space 124416K, 50% used [0x0000000084400000,0x00000000880c18e8,0x000000008bd80000)
 Metaspace       used 22413K, capacity 24248K, committed 24448K, reserved 1071104K
  class space    used 2498K, capacity 3099K, committed 3200K, reserved 1048576K
GC Heap History (10 events):
Event: 3,602 GC heap before
{Heap before GC invocations=11 (full 0):
 PSYoungGen      total 420864K, used 403648K [0x00000000d6c00000, 0x00000000f1c00000, 0x0000000100000000)
  eden space 402432K, 100% used [0x00000000d6c00000,0x00000000ef500000,0x00000000ef500000)
  from space 18432K, 6% used [0x00000000f0800000,0x00000000f0930000,0x00000000f1a00000)
  to   space 19456K, 0% used [0x00000000ef500000,0x00000000ef500000,0x00000000f0800000)
 ParOldGen       total 84992K, used 38011K [0x0000000084400000, 0x0000000089700000, 0x00000000d6c00000)
  object space 84992K, 44% used [0x0000000084400000,0x000000008691eff0,0x0000000089700000)
 Metaspace       used 9048K, capacity 9240K, committed 9472K, reserved 1058816K
  class space    used 892K, capacity 930K, committed 1024K, reserved 1048576K
Event: 3,617 GC heap after
Heap after GC invocations=11 (full 0):
 PSYoungGen      total 421888K, used 4672K [0x00000000d6c00000, 0x0000000100000000, 0x0000000100000000)
  eden space 402432K, 0% used [0x00000000d6c00000,0x00000000d6c00000,0x00000000ef500000)
  from space 19456K, 24% used [0x00000000ef500000,0x00000000ef990000,0x00000000f0800000)
  to   space 19456K, 0% used [0x00000000fed00000,0x00000000fed00000,0x0000000100000000)
 ParOldGen       total 84992K, used 38468K [0x0000000084400000, 0x0000000089700000, 0x00000000d6c00000)
  object space 84992K, 45% used [0x0000000084400000,0x0000000086991010,0x0000000089700000)
 Metaspace       used 9048K, capacity 9240K, committed 9472K, reserved 1058816K
  class space    used 892K, capacity 930K, committed 1024K, reserved 1048576K
}
Event: 4,081 GC heap before
{Heap before GC invocations=12 (full 0):
 PSYoungGen      total 421888K, used 407104K [0x00000000d6c00000, 0x0000000100000000, 0x0000000100000000)
  eden space 402432K, 100% used [0x00000000d6c00000,0x00000000ef500000,0x00000000ef500000)
  from space 19456K, 24% used [0x00000000ef500000,0x00000000ef990000,0x00000000f0800000)
  to   space 19456K, 0% used [0x00000000fed00000,0x00000000fed00000,0x0000000100000000)
 ParOldGen       total 84992K, used 38468K [0x0000000084400000, 0x0000000089700000, 0x00000000d6c00000)
  object space 84992K, 45% used [0x0000000084400000,0x0000000086991010,0x0000000089700000)
 Metaspace       used 9064K, capacity 9240K, committed 9472K, reserved 1058816K
  class space    used 892K, capacity 930K, committed 1024K, reserved 1048576K
Event: 4,086 GC heap after
Heap after GC invocations=12 (full 0):
 PSYoungGen      total 655360K, used 7936K [0x00000000d6c00000, 0x00000000fff00000, 0x0000000100000000)
  eden space 636928K, 0% used [0x00000000d6c00000,0x00000000d6c00000,0x00000000fda00000)
  from space 18432K, 43% used [0x00000000fed00000,0x00000000ff4c0000,0x00000000fff00000)
  to   space 18944K, 0% used [0x00000000fda00000,0x00000000fda00000,0x00000000fec80000)
 ParOldGen       total 84992K, used 38916K [0x0000000084400000, 0x0000000089700000, 0x00000000d6c00000)
  object space 84992K, 45% used [0x0000000084400000,0x0000000086a01010,0x0000000089700000)
 Metaspace       used 9064K, capacity 9240K, committed 9472K, reserved 1058816K
  class space    used 892K, capacity 930K, committed 1024K, reserved 1048576K
}
Event: 4,826 GC heap before
{Heap before GC invocations=13 (full 0):
 PSYoungGen      total 655360K, used 644864K [0x00000000d6c00000, 0x00000000fff00000, 0x0000000100000000)
  eden space 636928K, 100% used [0x00000000d6c00000,0x00000000fda00000,0x00000000fda00000)
  from space 18432K, 43% used [0x00000000fed00000,0x00000000ff4c0000,0x00000000fff00000)
  to   space 18944K, 0% used [0x00000000fda00000,0x00000000fda00000,0x00000000fec80000)
 ParOldGen       total 84992K, used 38916K [0x0000000084400000, 0x0000000089700000, 0x00000000d6c00000)
  object space 84992K, 45% used [0x0000000084400000,0x0000000086a01010,0x0000000089700000)
 Metaspace       used 9064K, capacity 9240K, committed 9472K, reserved 1058816K
  class space    used 892K, capacity 930K, committed 1024K, reserved 1048576K
Event: 4,839 GC heap after
Heap after GC invocations=13 (full 0):
 PSYoungGen      total 655872K, used 18944K [0x00000000d6c00000, 0x0000000100000000, 0x0000000100000000)
  eden space 636928K, 0% used [0x00000000d6c00000,0x00000000d6c00000,0x00000000fda00000)
  from space 18944K, 100% used [0x00000000fda00000,0x00000000fec80000,0x00000000fec80000)
  to   space 19968K, 0% used [0x00000000fec80000,0x00000000fec80000,0x0000000100000000)
 ParOldGen       total 84992K, used 45052K [0x0000000084400000, 0x0000000089700000, 0x00000000d6c00000)
  object space 84992K, 53% used [0x0000000084400000,0x0000000086fff140,0x0000000089700000)
 Metaspace       used 9064K, capacity 9240K, committed 9472K, reserved 1058816K
  class space    used 892K, capacity 930K, committed 1024K, reserved 1048576K
}
Event: 8,530 GC heap before
{Heap before GC invocations=14 (full 0):
 PSYoungGen      total 655872K, used 565687K [0x00000000d6c00000, 0x0000000100000000, 0x0000000100000000)
  eden space 636928K, 85% used [0x00000000d6c00000,0x00000000f81edd00,0x00000000fda00000)
  from space 18944K, 100% used [0x00000000fda00000,0x00000000fec80000,0x00000000fec80000)
  to   space 19968K, 0% used [0x00000000fec80000,0x00000000fec80000,0x0000000100000000)
 ParOldGen       total 84992K, used 45052K [0x0000000084400000, 0x0000000089700000, 0x00000000d6c00000)
  object space 84992K, 53% used [0x0000000084400000,0x0000000086fff140,0x0000000089700000)
 Metaspace       used 19748K, capacity 21180K, committed 21248K, reserved 1069056K
  class space    used 2113K, capacity 2548K, committed 2560K, reserved 1048576K
Event: 8,559 GC heap after
Heap after GC invocations=14 (full 0):
 PSYoungGen      total 625152K, used 19948K [0x00000000d6c00000, 0x0000000100000000, 0x0000000100000000)
  eden space 605184K, 0% used [0x00000000d6c00000,0x00000000d6c00000,0x00000000fbb00000)
  from space 19968K, 99% used [0x00000000fec80000,0x00000000ffffb388,0x0000000100000000)
  to   space 35328K, 0% used [0x00000000fbb00000,0x00000000fbb00000,0x00000000fdd80000)
 ParOldGen       total 84992K, used 70869K [0x0000000084400000, 0x0000000089700000, 0x00000000d6c00000)
  object space 84992K, 83% used [0x0000000084400000,0x0000000088935688,0x0000000089700000)
 Metaspace       used 19748K, capacity 21180K, committed 21248K, reserved 1069056K
  class space    used 2113K, capacity 2548K, committed 2560K, reserved 1048576K
}
Event: 8,559 GC heap before
{Heap before GC invocations=15 (full 1):
 PSYoungGen      total 625152K, used 19948K [0x00000000d6c00000, 0x0000000100000000, 0x0000000100000000)
  eden space 605184K, 0% used [0x00000000d6c00000,0x00000000d6c00000,0x00000000fbb00000)
  from space 19968K, 99% used [0x00000000fec80000,0x00000000ffffb388,0x0000000100000000)
  to   space 35328K, 0% used [0x00000000fbb00000,0x00000000fbb00000,0x00000000fdd80000)
 ParOldGen       total 84992K, used 70869K [0x0000000084400000, 0x0000000089700000, 0x00000000d6c00000)
  object space 84992K, 83% used [0x0000000084400000,0x0000000088935688,0x0000000089700000)
 Metaspace       used 19748K, capacity 21180K, committed 21248K, reserved 1069056K
  class space    used 2113K, capacity 2548K, committed 2560K, reserved 1048576K
Event: 8,670 GC heap after
Heap after GC invocations=15 (full 1):
 PSYoungGen      total 625152K, used 0K [0x00000000d6c00000, 0x0000000100000000, 0x0000000100000000)
  eden space 605184K, 0% used [0x00000000d6c00000,0x00000000d6c00000,0x00000000fbb00000)
  from space 19968K, 0% used [0x00000000fec80000,0x00000000fec80000,0x0000000100000000)
  to   space 35328K, 0% used [0x00000000fbb00000,0x00000000fbb00000,0x00000000fdd80000)
 ParOldGen       total 124416K, used 62214K [0x0000000084400000, 0x000000008bd80000, 0x00000000d6c00000)
  object space 124416K, 50% used [0x0000000084400000,0x00000000880c18e8,0x000000008bd80000)
 Metaspace       used 19748K, capacity 21180K, committed 21248K, reserved 1069056K
  class space    used 2113K, capacity 2548K, committed 2560K, reserved 1048576K
}

